mode: set
github.com/HuynhHoangPhuc/myrmex/pkg/messaging/messaging.go:17.79,19.2 1 1
github.com/HuynhHoangPhuc/myrmex/pkg/messaging/messaging.go:22.31,23.18 1 1
github.com/HuynhHoangPhuc/myrmex/pkg/messaging/messaging.go:23.18,25.3 1 1
github.com/HuynhHoangPhuc/myrmex/pkg/messaging/messaging.go:26.2,26.12 1 1
github.com/HuynhHoangPhuc/myrmex/pkg/messaging/messaging.go:30.32,31.19 1 1
github.com/HuynhHoangPhuc/myrmex/pkg/messaging/messaging.go:31.19,33.3 1 1
github.com/HuynhHoangPhuc/myrmex/pkg/messaging/messaging.go:34.2,34.12 1 1
github.com/HuynhHoangPhuc/myrmex/pkg/messaging/messaging.go:67.78,67.92 1 1
github.com/HuynhHoangPhuc/myrmex/pkg/messaging/messaging.go:68.80,68.94 1 1
github.com/HuynhHoangPhuc/myrmex/pkg/messaging/nats/adapter.go:27.51,29.16 2 0
github.com/HuynhHoangPhuc/myrmex/pkg/messaging/nats/adapter.go:29.16,31.3 1 0
github.com/HuynhHoangPhuc/myrmex/pkg/messaging/nats/adapter.go:32.2,32.42 1 0
github.com/HuynhHoangPhuc/myrmex/pkg/messaging/nats/adapter.go:37.77,39.2 1 1
github.com/HuynhHoangPhuc/myrmex/pkg/messaging/nats/adapter.go:43.89,48.20 2 0
github.com/HuynhHoangPhuc/myrmex/pkg/messaging/nats/adapter.go:48.20,50.3 1 0
github.com/HuynhHoangPhuc/myrmex/pkg/messaging/nats/adapter.go:51.2,52.12 2 0
github.com/HuynhHoangPhuc/myrmex/pkg/messaging/nats/adapter.go:56.85,58.16 2 0
github.com/HuynhHoangPhuc/myrmex/pkg/messaging/nats/adapter.go:58.16,60.3 1 0
github.com/HuynhHoangPhuc/myrmex/pkg/messaging/nats/adapter.go:61.2,61.12 1 0
github.com/HuynhHoangPhuc/myrmex/pkg/messaging/nats/adapter.go:65.35,68.2 2 0
github.com/HuynhHoangPhuc/myrmex/pkg/messaging/nats/adapter.go:80.49,82.16 2 0
github.com/HuynhHoangPhuc/myrmex/pkg/messaging/nats/adapter.go:82.16,84.3 1 0
github.com/HuynhHoangPhuc/myrmex/pkg/messaging/nats/adapter.go:85.2,85.41 1 0
github.com/HuynhHoangPhuc/myrmex/pkg/messaging/nats/adapter.go:90.75,92.2 1 1
github.com/HuynhHoangPhuc/myrmex/pkg/messaging/nats/adapter.go:95.88,100.20 2 0
github.com/HuynhHoangPhuc/myrmex/pkg/messaging/nats/adapter.go:100.20,102.3 1 0
github.com/HuynhHoangPhuc/myrmex/pkg/messaging/nats/adapter.go:103.2,104.12 2 0
github.com/HuynhHoangPhuc/myrmex/pkg/messaging/nats/adapter.go:111.126,113.9 2 0
github.com/HuynhHoangPhuc/myrmex/pkg/messaging/nats/adapter.go:113.9,115.3 1 0
github.com/HuynhHoangPhuc/myrmex/pkg/messaging/nats/adapter.go:119.2,122.17 1 0
github.com/HuynhHoangPhuc/myrmex/pkg/messaging/nats/adapter.go:122.17,124.3 1 0
github.com/HuynhHoangPhuc/myrmex/pkg/messaging/nats/adapter.go:126.2,130.39 2 0
github.com/HuynhHoangPhuc/myrmex/pkg/messaging/nats/adapter.go:130.39,132.3 1 0
github.com/HuynhHoangPhuc/myrmex/pkg/messaging/nats/adapter.go:134.2,135.16 2 0
github.com/HuynhHoangPhuc/myrmex/pkg/messaging/nats/adapter.go:135.16,137.3 1 0
github.com/HuynhHoangPhuc/myrmex/pkg/messaging/nats/adapter.go:139.2,139.50 1 0
github.com/HuynhHoangPhuc/myrmex/pkg/messaging/nats/adapter.go:139.50,141.17 1 0
github.com/HuynhHoangPhuc/myrmex/pkg/messaging/nats/adapter.go:141.17,141.37 1 0
github.com/HuynhHoangPhuc/myrmex/pkg/messaging/nats/adapter.go:142.17,142.37 1 0
github.com/HuynhHoangPhuc/myrmex/pkg/messaging/nats/adapter.go:144.3,144.36 1 0
github.com/HuynhHoangPhuc/myrmex/pkg/messaging/nats/adapter.go:144.36,146.4 1 0
github.com/HuynhHoangPhuc/myrmex/pkg/messaging/nats/adapter.go:146.9,148.4 1 0
github.com/HuynhHoangPhuc/myrmex/pkg/messaging/nats/adapter.go:150.2,150.16 1 0
github.com/HuynhHoangPhuc/myrmex/pkg/messaging/nats/adapter.go:150.16,152.3 1 0
github.com/HuynhHoangPhuc/myrmex/pkg/messaging/nats/adapter.go:154.2,155.12 2 0
github.com/HuynhHoangPhuc/myrmex/pkg/messaging/nats/adapter.go:159.34,160.33 1 1
github.com/HuynhHoangPhuc/myrmex/pkg/messaging/nats/adapter.go:160.33,162.3 1 0
github.com/HuynhHoangPhuc/myrmex/pkg/messaging/nats/adapter.go:163.2,164.12 2 1
github.com/HuynhHoangPhuc/myrmex/pkg/messaging/nats/adapter.go:168.49,169.9 1 1
github.com/HuynhHoangPhuc/myrmex/pkg/messaging/nats/adapter.go:170.41,171.27 1 1
github.com/HuynhHoangPhuc/myrmex/pkg/messaging/nats/adapter.go:172.46,173.32 1 1
github.com/HuynhHoangPhuc/myrmex/pkg/messaging/nats/adapter.go:174.46,175.32 1 1
github.com/HuynhHoangPhuc/myrmex/pkg/messaging/nats/adapter.go:176.48,177.27 1 1
github.com/HuynhHoangPhuc/myrmex/pkg/messaging/nats/adapter.go:178.44,179.30 1 1
github.com/HuynhHoangPhuc/myrmex/pkg/messaging/nats/adapter.go:180.43,181.29 1 1
github.com/HuynhHoangPhuc/myrmex/pkg/messaging/nats/adapter.go:182.51,183.37 1 1
github.com/HuynhHoangPhuc/myrmex/pkg/messaging/nats/adapter.go:185.2,185.18 1 1
github.com/HuynhHoangPhuc/myrmex/pkg/messaging/nats/adapter.go:189.43,190.16 1 1
github.com/HuynhHoangPhuc/myrmex/pkg/messaging/nats/adapter.go:191.19,192.16 1 1
github.com/HuynhHoangPhuc/myrmex/pkg/messaging/nats/adapter.go:193.24,194.21 1 1
github.com/HuynhHoangPhuc/myrmex/pkg/messaging/nats/adapter.go:195.24,196.21 1 1
github.com/HuynhHoangPhuc/myrmex/pkg/messaging/nats/adapter.go:197.19,198.23 1 1
github.com/HuynhHoangPhuc/myrmex/pkg/messaging/nats/adapter.go:199.22,200.19 1 1
github.com/HuynhHoangPhuc/myrmex/pkg/messaging/nats/adapter.go:201.21,202.18 1 1
github.com/HuynhHoangPhuc/myrmex/pkg/messaging/nats/adapter.go:203.29,204.26 1 1
github.com/HuynhHoangPhuc/myrmex/pkg/messaging/nats/adapter.go:206.2,206.22 1 1
github.com/HuynhHoangPhuc/myrmex/pkg/messaging/redis/relay.go:26.57,28.2 1 1
github.com/HuynhHoangPhuc/myrmex/pkg/messaging/redis/relay.go:31.92,32.18 1 1
github.com/HuynhHoangPhuc/myrmex/pkg/messaging/redis/relay.go:32.18,34.3 1 1
github.com/HuynhHoangPhuc/myrmex/pkg/messaging/redis/relay.go:35.2,35.51 1 0
github.com/HuynhHoangPhuc/myrmex/pkg/messaging/redis/relay.go:44.59,46.2 1 1
github.com/HuynhHoangPhuc/myrmex/pkg/messaging/redis/relay.go:51.102,52.18 1 1
github.com/HuynhHoangPhuc/myrmex/pkg/messaging/redis/relay.go:52.18,54.3 1 1
github.com/HuynhHoangPhuc/myrmex/pkg/messaging/redis/relay.go:55.2,57.43 2 0
github.com/HuynhHoangPhuc/myrmex/pkg/messaging/redis/relay.go:57.43,60.3 2 0
github.com/HuynhHoangPhuc/myrmex/pkg/messaging/redis/relay.go:62.2,63.12 2 0
github.com/HuynhHoangPhuc/myrmex/pkg/messaging/redis/relay.go:63.12,67.7 4 0
github.com/HuynhHoangPhuc/myrmex/pkg/messaging/redis/relay.go:67.7,68.11 1 0
github.com/HuynhHoangPhuc/myrmex/pkg/messaging/redis/relay.go:69.22,70.11 1 0
github.com/HuynhHoangPhuc/myrmex/pkg/messaging/redis/relay.go:71.25,72.12 1 0
github.com/HuynhHoangPhuc/myrmex/pkg/messaging/redis/relay.go:72.12,74.6 1 0
github.com/HuynhHoangPhuc/myrmex/pkg/messaging/redis/relay.go:75.5,78.6 1 0
github.com/HuynhHoangPhuc/myrmex/pkg/messaging/redis/relay.go:83.2,83.17 1 0
github.com/HuynhHoangPhuc/myrmex/pkg/messaging/pubsub/adapter.go:28.95,30.16 2 0
github.com/HuynhHoangPhuc/myrmex/pkg/messaging/pubsub/adapter.go:30.16,32.3 1 0
github.com/HuynhHoangPhuc/myrmex/pkg/messaging/pubsub/adapter.go:33.2,33.90 1 0
github.com/HuynhHoangPhuc/myrmex/pkg/messaging/pubsub/adapter.go:39.89,41.62 2 0
github.com/HuynhHoangPhuc/myrmex/pkg/messaging/pubsub/adapter.go:41.62,43.28 1 0
github.com/HuynhHoangPhuc/myrmex/pkg/messaging/pubsub/adapter.go:43.28,45.4 1 0
github.com/HuynhHoangPhuc/myrmex/pkg/messaging/pubsub/adapter.go:47.2,47.12 1 0
github.com/HuynhHoangPhuc/myrmex/pkg/messaging/pubsub/adapter.go:52.85,55.16 3 0
github.com/HuynhHoangPhuc/myrmex/pkg/messaging/pubsub/adapter.go:55.16,57.3 1 0
github.com/HuynhHoangPhuc/myrmex/pkg/messaging/pubsub/adapter.go:58.2,62.43 2 0
github.com/HuynhHoangPhuc/myrmex/pkg/messaging/pubsub/adapter.go:62.43,64.3 1 0
github.com/HuynhHoangPhuc/myrmex/pkg/messaging/pubsub/adapter.go:65.2,65.12 1 0
github.com/HuynhHoangPhuc/myrmex/pkg/messaging/pubsub/adapter.go:69.35,70.29 1 0
github.com/HuynhHoangPhuc/myrmex/pkg/messaging/pubsub/adapter.go:70.29,72.3 1 0
github.com/HuynhHoangPhuc/myrmex/pkg/messaging/pubsub/adapter.go:73.2,73.25 1 0
github.com/HuynhHoangPhuc/myrmex/pkg/messaging/pubsub/adapter.go:76.98,77.36 1 0
github.com/HuynhHoangPhuc/myrmex/pkg/messaging/pubsub/adapter.go:77.36,79.3 1 0
github.com/HuynhHoangPhuc/myrmex/pkg/messaging/pubsub/adapter.go:80.2,82.16 3 0
github.com/HuynhHoangPhuc/myrmex/pkg/messaging/pubsub/adapter.go:82.16,84.3 1 0
github.com/HuynhHoangPhuc/myrmex/pkg/messaging/pubsub/adapter.go:85.2,85.13 1 0
github.com/HuynhHoangPhuc/myrmex/pkg/messaging/pubsub/adapter.go:85.13,87.42 2 0
github.com/HuynhHoangPhuc/myrmex/pkg/messaging/pubsub/adapter.go:87.42,89.4 1 0
github.com/HuynhHoangPhuc/myrmex/pkg/messaging/pubsub/adapter.go:90.3,90.30 1 0
github.com/HuynhHoangPhuc/myrmex/pkg/messaging/pubsub/adapter.go:92.2,93.15 2 0
github.com/HuynhHoangPhuc/myrmex/pkg/messaging/pubsub/adapter.go:107.93,109.16 2 0
github.com/HuynhHoangPhuc/myrmex/pkg/messaging/pubsub/adapter.go:109.16,111.3 1 0
github.com/HuynhHoangPhuc/myrmex/pkg/messaging/pubsub/adapter.go:112.2,112.71 1 0
github.com/HuynhHoangPhuc/myrmex/pkg/messaging/pubsub/adapter.go:116.88,118.62 2 0
github.com/HuynhHoangPhuc/myrmex/pkg/messaging/pubsub/adapter.go:118.62,119.28 1 0
github.com/HuynhHoangPhuc/myrmex/pkg/messaging/pubsub/adapter.go:119.28,121.4 1 0
github.com/HuynhHoangPhuc/myrmex/pkg/messaging/pubsub/adapter.go:123.2,123.12 1 0
github.com/HuynhHoangPhuc/myrmex/pkg/messaging/pubsub/adapter.go:129.126,138.16 6 0
github.com/HuynhHoangPhuc/myrmex/pkg/messaging/pubsub/adapter.go:138.16,140.3 1 0
github.com/HuynhHoangPhuc/myrmex/pkg/messaging/pubsub/adapter.go:141.2,141.13 1 0
github.com/HuynhHoangPhuc/myrmex/pkg/messaging/pubsub/adapter.go:141.13,146.76 2 0
github.com/HuynhHoangPhuc/myrmex/pkg/messaging/pubsub/adapter.go:146.76,148.4 1 0
github.com/HuynhHoangPhuc/myrmex/pkg/messaging/pubsub/adapter.go:149.3,149.98 1 0
github.com/HuynhHoangPhuc/myrmex/pkg/messaging/pubsub/adapter.go:149.98,151.4 1 0
github.com/HuynhHoangPhuc/myrmex/pkg/messaging/pubsub/adapter.go:152.3,152.37 1 0
github.com/HuynhHoangPhuc/myrmex/pkg/messaging/pubsub/adapter.go:155.2,158.12 3 0
github.com/HuynhHoangPhuc/myrmex/pkg/messaging/pubsub/adapter.go:158.12,159.80 1 0
github.com/HuynhHoangPhuc/myrmex/pkg/messaging/pubsub/adapter.go:159.80,163.18 1 0
github.com/HuynhHoangPhuc/myrmex/pkg/messaging/pubsub/adapter.go:163.18,163.43 2 0
github.com/HuynhHoangPhuc/myrmex/pkg/messaging/pubsub/adapter.go:164.18,164.44 2 0
github.com/HuynhHoangPhuc/myrmex/pkg/messaging/pubsub/adapter.go:166.4,166.37 1 0
github.com/HuynhHoangPhuc/myrmex/pkg/messaging/pubsub/adapter.go:166.37,169.5 2 0
github.com/HuynhHoangPhuc/myrmex/pkg/messaging/pubsub/adapter.go:169.10,171.5 1 0
github.com/HuynhHoangPhuc/myrmex/pkg/messaging/pubsub/adapter.go:172.41,174.4 1 0
github.com/HuynhHoangPhuc/myrmex/pkg/messaging/pubsub/adapter.go:177.2,177.12 1 0
github.com/HuynhHoangPhuc/myrmex/pkg/messaging/pubsub/adapter.go:181.34,182.39 1 0
github.com/HuynhHoangPhuc/myrmex/pkg/messaging/pubsub/adapter.go:182.39,184.3 1 0
github.com/HuynhHoangPhuc/myrmex/pkg/messaging/pubsub/adapter.go:185.2,185.25 1 0
github.com/HuynhHoangPhuc/myrmex/pkg/messaging/pubsub/adapter.go:189.40,190.9 1 0
github.com/HuynhHoangPhuc/myrmex/pkg/messaging/pubsub/adapter.go:191.41,192.21 1 0
github.com/HuynhHoangPhuc/myrmex/pkg/messaging/pubsub/adapter.go:193.46,194.26 1 0
github.com/HuynhHoangPhuc/myrmex/pkg/messaging/pubsub/adapter.go:195.46,196.26 1 0
github.com/HuynhHoangPhuc/myrmex/pkg/messaging/pubsub/adapter.go:197.48,198.28 1 0
github.com/HuynhHoangPhuc/myrmex/pkg/messaging/pubsub/adapter.go:199.44,200.24 1 0
github.com/HuynhHoangPhuc/myrmex/pkg/messaging/pubsub/adapter.go:201.43,202.23 1 0
github.com/HuynhHoangPhuc/myrmex/pkg/messaging/pubsub/adapter.go:203.51,204.31 1 0
github.com/HuynhHoangPhuc/myrmex/pkg/messaging/pubsub/adapter.go:206.2,206.63 1 0
github.com/HuynhHoangPhuc/myrmex/pkg/messaging/pubsub/adapter.go:210.42,212.2 1 0
github.com/HuynhHoangPhuc/myrmex/pkg/messaging/pubsub/adapter.go:215.40,217.2 1 0
github.com/HuynhHoangPhuc/myrmex/pkg/messaging/pubsub/adapter.go:220.38,222.2 1 0
